This is pdfTeX, Version 3.141592653-2.6-1.40.27 (MiKTeX 25.4) (preloaded format=pdflatex 2025.12.12)  22 DEC 2025 09:32
entering extended mode
 restricted \write18 enabled.
 file:line:error style messages enabled.
 %&-line parsing enabled.
**c:/Coding/Vinuni-DB-Inventory-System-The-Fool/docs/final_report/final_report.tex
(c:/Coding/Vinuni-DB-Inventory-System-The-Fool/docs/final_report/final_report.tex
LaTeX2e <2025-11-01>
L3 programming layer <2025-11-06>
(C:\Users\LAPTOP Thai Hoa\AppData\Local\Programs\MiKTeX\tex/latex/base\report.cls
Document Class: report 2025/01/22 v1.4n Standard LaTeX document class
(C:\Users\LAPTOP Thai Hoa\AppData\Local\Programs\MiKTeX\tex/latex/base\size12.clo
File: size12.clo 2025/01/22 v1.4n Standard LaTeX file (size option)
)
\c@part=\count275
\c@chapter=\count276
\c@section=\count277
\c@subsection=\count278
\c@subsubsection=\count279
\c@paragraph=\count280
\c@subparagraph=\count281
\c@figure=\count282
\c@table=\count283
\abovecaptionskip=\skip49
\belowcaptionskip=\skip50
\bibindent=\dimen148
) (C:\Users\LAPTOP Thai Hoa\AppData\Local\Programs\MiKTeX\tex/latex/base\fontenc.sty
Package: fontenc 2025/07/18 v2.1d Standard LaTeX package
) (C:\Users\LAPTOP Thai Hoa\AppData\Local\Programs\MiKTeX\tex/latex/lm\lmodern.sty
Package: lmodern 2015/05/01 v1.6.1 Latin Modern Fonts
LaTeX Font Info:    Overwriting symbol font `operators' in version `normal'
(Font)                  OT1/cmr/m/n --> OT1/lmr/m/n on input line 22.
LaTeX Font Info:    Overwriting symbol font `letters' in version `normal'
(Font)                  OML/cmm/m/it --> OML/lmm/m/it on input line 23.
LaTeX Font Info:    Overwriting symbol font `symbols' in version `normal'
(Font)                  OMS/cmsy/m/n --> OMS/lmsy/m/n on input line 24.
LaTeX Font Info:    Overwriting symbol font `largesymbols' in version `normal'
(Font)                  OMX/cmex/m/n --> OMX/lmex/m/n on input line 25.
LaTeX Font Info:    Overwriting symbol font `operators' in version `bold'
(Font)                  OT1/cmr/bx/n --> OT1/lmr/bx/n on input line 26.
LaTeX Font Info:    Overwriting symbol font `letters' in version `bold'
(Font)                  OML/cmm/b/it --> OML/lmm/b/it on input line 27.
LaTeX Font Info:    Overwriting symbol font `symbols' in version `bold'
(Font)                  OMS/cmsy/b/n --> OMS/lmsy/b/n on input line 28.
LaTeX Font Info:    Overwriting symbol font `largesymbols' in version `bold'
(Font)                  OMX/cmex/m/n --> OMX/lmex/m/n on input line 29.
LaTeX Font Info:    Overwriting math alphabet `\mathbf' in version `normal'
(Font)                  OT1/cmr/bx/n --> OT1/lmr/bx/n on input line 31.
LaTeX Font Info:    Overwriting math alphabet `\mathsf' in version `normal'
(Font)                  OT1/cmss/m/n --> OT1/lmss/m/n on input line 32.
LaTeX Font Info:    Overwriting math alphabet `\mathit' in version `normal'
(Font)                  OT1/cmr/m/it --> OT1/lmr/m/it on input line 33.
LaTeX Font Info:    Overwriting math alphabet `\mathtt' in version `normal'
(Font)                  OT1/cmtt/m/n --> OT1/lmtt/m/n on input line 34.
LaTeX Font Info:    Overwriting math alphabet `\mathbf' in version `bold'
(Font)                  OT1/cmr/bx/n --> OT1/lmr/bx/n on input line 35.
LaTeX Font Info:    Overwriting math alphabet `\mathsf' in version `bold'
(Font)                  OT1/cmss/bx/n --> OT1/lmss/bx/n on input line 36.
LaTeX Font Info:    Overwriting math alphabet `\mathit' in version `bold'
(Font)                  OT1/cmr/bx/it --> OT1/lmr/bx/it on input line 37.
LaTeX Font Info:    Overwriting math alphabet `\mathtt' in version `bold'
(Font)                  OT1/cmtt/m/n --> OT1/lmtt/m/n on input line 38.
) (C:\Users\LAPTOP Thai Hoa\AppData\Local\Programs\MiKTeX\tex/latex/amsmath\amsmath.sty
Package: amsmath 2025/07/09 v2.17z AMS math features
\@mathmargin=\skip51

For additional information on amsmath, use the `?' option.
(C:\Users\LAPTOP Thai Hoa\AppData\Local\Programs\MiKTeX\tex/latex/amsmath\amstext.sty
Package: amstext 2024/11/17 v2.01 AMS text
 (C:\Users\LAPTOP Thai Hoa\AppData\Local\Programs\MiKTeX\tex/latex/amsmath\amsgen.sty
File: amsgen.sty 1999/11/30 v2.0 generic functions
\@emptytoks=\toks17
\ex@=\dimen149
)) (C:\Users\LAPTOP Thai Hoa\AppData\Local\Programs\MiKTeX\tex/latex/amsmath\amsbsy.sty
Package: amsbsy 1999/11/29 v1.2d Bold Symbols
\pmbraise@=\dimen150
) (C:\Users\LAPTOP Thai Hoa\AppData\Local\Programs\MiKTeX\tex/latex/amsmath\amsopn.sty
Package: amsopn 2022/04/08 v2.04 operator names
)
\inf@bad=\count284
LaTeX Info: Redefining \frac on input line 233.
\uproot@=\count285
\leftroot@=\count286
LaTeX Info: Redefining \overline on input line 398.
LaTeX Info: Redefining \colon on input line 409.
\classnum@=\count287
\DOTSCASE@=\count288
LaTeX Info: Redefining \ldots on input line 495.
LaTeX Info: Redefining \dots on input line 498.
LaTeX Info: Redefining \cdots on input line 619.
\Mathstrutbox@=\box53
\strutbox@=\box54
LaTeX Info: Redefining \big on input line 721.
LaTeX Info: Redefining \Big on input line 722.
LaTeX Info: Redefining \bigg on input line 723.
LaTeX Info: Redefining \Bigg on input line 724.
\big@size=\dimen151
LaTeX Font Info:    Redeclaring font encoding OML on input line 742.
LaTeX Font Info:    Redeclaring font encoding OMS on input line 743.
\macc@depth=\count289
LaTeX Info: Redefining \bmod on input line 904.
LaTeX Info: Redefining \pmod on input line 909.
LaTeX Info: Redefining \smash on input line 939.
LaTeX Info: Redefining \relbar on input line 969.
LaTeX Info: Redefining \Relbar on input line 970.
\c@MaxMatrixCols=\count290
\dotsspace@=\muskip17
\c@parentequation=\count291
\dspbrk@lvl=\count292
\tag@help=\toks18
\row@=\count293
\column@=\count294
\maxfields@=\count295
\andhelp@=\toks19
\eqnshift@=\dimen152
\alignsep@=\dimen153
\tagshift@=\dimen154
\tagwidth@=\dimen155
\totwidth@=\dimen156
\lineht@=\dimen157
\@envbody=\toks20
\multlinegap=\skip52
\multlinetaggap=\skip53
\mathdisplay@stack=\toks21
LaTeX Info: Redefining \[ on input line 2950.
LaTeX Info: Redefining \] on input line 2951.
) (C:\Users\LAPTOP Thai Hoa\AppData\Local\Programs\MiKTeX\tex/latex/amsfonts\amssymb.sty
Package: amssymb 2013/01/14 v3.01 AMS font symbols
 (C:\Users\LAPTOP Thai Hoa\AppData\Local\Programs\MiKTeX\tex/latex/amsfonts\amsfonts.sty
Package: amsfonts 2013/01/14 v3.01 Basic AMSFonts support
\symAMSa=\mathgroup4
\symAMSb=\mathgroup5
LaTeX Font Info:    Redeclaring math symbol \hbar on input line 98.
LaTeX Font Info:    Overwriting math alphabet `\mathfrak' in version `bold'
(Font)                  U/euf/m/n --> U/euf/b/n on input line 106.
)) (C:\Users\LAPTOP Thai Hoa\AppData\Local\Programs\MiKTeX\tex/latex/geometry\geometry.sty
Package: geometry 2020/01/02 v5.9 Page Geometry
 (C:\Users\LAPTOP Thai Hoa\AppData\Local\Programs\MiKTeX\tex/latex/graphics\keyval.sty
Package: keyval 2022/05/29 v1.15 key=value parser (DPC)
\KV@toks@=\toks22
) (C:\Users\LAPTOP Thai Hoa\AppData\Local\Programs\MiKTeX\tex/generic/iftex\ifvtex.sty
Package: ifvtex 2019/10/25 v1.7 ifvtex legacy package. Use iftex instead.
 (C:\Users\LAPTOP Thai Hoa\AppData\Local\Programs\MiKTeX\tex/generic/iftex\iftex.sty
Package: iftex 2024/12/12 v1.0g TeX engine tests
))
\Gm@cnth=\count296
\Gm@cntv=\count297
\c@Gm@tempcnt=\count298
\Gm@bindingoffset=\dimen158
\Gm@wd@mp=\dimen159
\Gm@odd@mp=\dimen160
\Gm@even@mp=\dimen161
\Gm@layoutwidth=\dimen162
\Gm@layoutheight=\dimen163
\Gm@layouthoffset=\dimen164
\Gm@layoutvoffset=\dimen165
\Gm@dimlist=\toks23
 (C:\Users\LAPTOP Thai Hoa\AppData\Local\Programs\MiKTeX\tex/latex/geometry\geometry.cfg)) (C:\Users\LAPTOP Thai Hoa\AppData\Local\Programs\MiKTeX\tex/latex/fancyhdr\fancyhdr.sty
Package: fancyhdr 2025/02/07 v5.2 Extensive control of page headers and footers
\f@nch@headwidth=\skip54
\f@nch@offset@elh=\skip55
\f@nch@offset@erh=\skip56
\f@nch@offset@olh=\skip57
\f@nch@offset@orh=\skip58
\f@nch@offset@elf=\skip59
\f@nch@offset@erf=\skip60
\f@nch@offset@olf=\skip61
\f@nch@offset@orf=\skip62
\f@nch@height=\skip63
\f@nch@footalignment=\skip64
\f@nch@widthL=\skip65
\f@nch@widthC=\skip66
\f@nch@widthR=\skip67
\@temptokenb=\toks24
) (C:\Users\LAPTOP Thai Hoa\AppData\Local\Programs\MiKTeX\tex/latex/titlesec\titlesec.sty
Package: titlesec 2025/01/04 v2.17 Sectioning titles
\ttl@box=\box55
\beforetitleunit=\skip68
\aftertitleunit=\skip69
\ttl@plus=\dimen166
\ttl@minus=\dimen167
\ttl@toksa=\toks25
\titlewidth=\dimen168
\titlewidthlast=\dimen169
\titlewidthfirst=\dimen170
) (C:\Users\LAPTOP Thai Hoa\AppData\Local\Programs\MiKTeX\tex/latex/booktabs\booktabs.sty
Package: booktabs 2020/01/12 v1.61803398 Publication quality tables
\heavyrulewidth=\dimen171
\lightrulewidth=\dimen172
\cmidrulewidth=\dimen173
\belowrulesep=\dimen174
\belowbottomsep=\dimen175
\aboverulesep=\dimen176
\abovetopsep=\dimen177
\cmidrulesep=\dimen178
\cmidrulekern=\dimen179
\defaultaddspace=\dimen180
\@cmidla=\count299
\@cmidlb=\count300
\@aboverulesep=\dimen181
\@belowrulesep=\dimen182
\@thisruleclass=\count301
\@lastruleclass=\count302
\@thisrulewidth=\dimen183
) (C:\Users\LAPTOP Thai Hoa\AppData\Local\Programs\MiKTeX\tex/latex/tools\indentfirst.sty
Package: indentfirst 2023/07/02 v1.03 Indent first paragraph (DPC)
) (C:\Users\LAPTOP Thai Hoa\AppData\Local\Programs\MiKTeX\tex/latex/enumitem\enumitem.sty
Package: enumitem 2025/02/06 v3.11 Customized lists
\labelindent=\skip70
\enit@outerparindent=\dimen184
\enit@toks=\toks26
\enit@inbox=\box56
\enit@count@id=\count303
\enitdp@description=\count304
) (C:\Users\LAPTOP Thai Hoa\AppData\Local\Programs\MiKTeX\tex/latex/graphics\graphicx.sty
Package: graphicx 2024/12/31 v1.2e Enhanced LaTeX Graphics (DPC,SPQR)
 (C:\Users\LAPTOP Thai Hoa\AppData\Local\Programs\MiKTeX\tex/latex/graphics\graphics.sty
Package: graphics 2024/08/06 v1.4g Standard LaTeX Graphics (DPC,SPQR)
 (C:\Users\LAPTOP Thai Hoa\AppData\Local\Programs\MiKTeX\tex/latex/graphics\trig.sty
Package: trig 2023/12/02 v1.11 sin cos tan (DPC)
) (C:\Users\LAPTOP Thai Hoa\AppData\Local\Programs\MiKTeX\tex/latex/graphics-cfg\graphics.cfg
File: graphics.cfg 2016/06/04 v1.11 sample graphics configuration
)
Package graphics Info: Driver file: pdftex.def on input line 106.
 (C:\Users\LAPTOP Thai Hoa\AppData\Local\Programs\MiKTeX\tex/latex/graphics-def\pdftex.def
File: pdftex.def 2025/09/29 v1.2d Graphics/color driver for pdftex
))
\Gin@req@height=\dimen185
\Gin@req@width=\dimen186
) (C:\Users\LAPTOP Thai Hoa\AppData\Local\Programs\MiKTeX\tex/latex/wrapfig\wrapfig.sty
\wrapoverhang=\dimen187
\WF@size=\dimen188
\c@WF@wrappedlines=\count305
\WF@box=\box57
\WF@everypar=\toks27
Package: wrapfig 2003/01/31  v 3.6
) (C:\Users\LAPTOP Thai Hoa\AppData\Local\Programs\MiKTeX\tex/latex/float\float.sty
Package: float 2001/11/08 v1.3d Float enhancements (AL)
\c@float@type=\count306
\float@exts=\toks28
\float@box=\box58
\@float@everytoks=\toks29
\@floatcapt=\box59
) (C:\Users\LAPTOP Thai Hoa\AppData\Local\Programs\MiKTeX\tex/latex/xcolor\xcolor.sty
Package: xcolor 2024/09/29 v3.02 LaTeX color extensions (UK)
 (C:\Users\LAPTOP Thai Hoa\AppData\Local\Programs\MiKTeX\tex/latex/graphics-cfg\color.cfg
File: color.cfg 2016/01/02 v1.6 sample color configuration
)
Package xcolor Info: Driver file: pdftex.def on input line 274.
 (C:\Users\LAPTOP Thai Hoa\AppData\Local\Programs\MiKTeX\tex/latex/graphics\mathcolor.ltx)
Package xcolor Info: Model `cmy' substituted by `cmy0' on input line 1349.
Package xcolor Info: Model `hsb' substituted by `rgb' on input line 1353.
Package xcolor Info: Model `RGB' extended on input line 1365.
Package xcolor Info: Model `HTML' substituted by `rgb' on input line 1367.
Package xcolor Info: Model `Hsb' substituted by `hsb' on input line 1368.
Package xcolor Info: Model `tHsb' substituted by `hsb' on input line 1369.
Package xcolor Info: Model `HSB' substituted by `hsb' on input line 1370.
Package xcolor Info: Model `Gray' substituted by `gray' on input line 1371.
Package xcolor Info: Model `wave' substituted by `hsb' on input line 1372.
) (C:\Users\LAPTOP Thai Hoa\AppData\Local\Programs\MiKTeX\tex/latex/xcolor\svgnam.def
File: svgnam.def 2024/09/29 v3.02 Predefined colors according to SVG 1.1 (UK)
) (C:\Users\LAPTOP Thai Hoa\AppData\Local\Programs\MiKTeX\tex/latex/pgf/frontendlayer\tikz.sty (C:\Users\LAPTOP Thai Hoa\AppData\Local\Programs\MiKTeX\tex/latex/pgf/basiclayer\pgf.sty (C:\Users\LAPTOP Thai Hoa\AppData\Local\Programs\MiKTeX\tex/latex/pgf/utilities\pgfrcs.sty (C:\Users\LAPTOP Thai Hoa\AppData\Local\Programs\MiKTeX\tex/generic/pgf/utilities\pgfutil-common.tex
\pgfutil@everybye=\toks30
\pgfutil@tempdima=\dimen189
\pgfutil@tempdimb=\dimen190
) (C:\Users\LAPTOP Thai Hoa\AppData\Local\Programs\MiKTeX\tex/generic/pgf/utilities\pgfutil-latex.def
\pgfutil@abb=\box60
) (C:\Users\LAPTOP Thai Hoa\AppData\Local\Programs\MiKTeX\tex/generic/pgf/utilities\pgfrcs.code.tex (C:\Users\LAPTOP Thai Hoa\AppData\Local\Programs\MiKTeX\tex/generic/pgf\pgf.revision.tex)
Package: pgfrcs 2025-08-29 v3.1.11a (3.1.11a)
))
Package: pgf 2025-08-29 v3.1.11a (3.1.11a)
 (C:\Users\LAPTOP Thai Hoa\AppData\Local\Programs\MiKTeX\tex/latex/pgf/basiclayer\pgfcore.sty (C:\Users\LAPTOP Thai Hoa\AppData\Local\Programs\MiKTeX\tex/latex/pgf/systemlayer\pgfsys.sty (C:\Users\LAPTOP Thai Hoa\AppData\Local\Programs\MiKTeX\tex/generic/pgf/systemlayer\pgfsys.code.tex
Package: pgfsys 2025-08-29 v3.1.11a (3.1.11a)
 (C:\Users\LAPTOP Thai Hoa\AppData\Local\Programs\MiKTeX\tex/generic/pgf/utilities\pgfkeys.code.tex
\pgfkeys@pathtoks=\toks31
\pgfkeys@temptoks=\toks32
 (C:\Users\LAPTOP Thai Hoa\AppData\Local\Programs\MiKTeX\tex/generic/pgf/utilities\pgfkeyslibraryfiltered.code.tex
\pgfkeys@tmptoks=\toks33
))
\pgf@x=\dimen191
\pgf@y=\dimen192
\pgf@xa=\dimen193
\pgf@ya=\dimen194
\pgf@xb=\dimen195
\pgf@yb=\dimen196
\pgf@xc=\dimen197
\pgf@yc=\dimen198
\pgf@xd=\dimen199
\pgf@yd=\dimen256
\w@pgf@writea=\write3
\r@pgf@reada=\read2
\c@pgf@counta=\count307
\c@pgf@countb=\count308
\c@pgf@countc=\count309
\c@pgf@countd=\count310
\t@pgf@toka=\toks34
\t@pgf@tokb=\toks35
\t@pgf@tokc=\toks36
\pgf@sys@id@count=\count311
 (C:\Users\LAPTOP Thai Hoa\AppData\Local\Programs\MiKTeX\tex/generic/pgf/systemlayer\pgf.cfg
File: pgf.cfg 2025-08-29 v3.1.11a (3.1.11a)
)
Driver file for pgf: pgfsys-pdftex.def
 (C:\Users\LAPTOP Thai Hoa\AppData\Local\Programs\MiKTeX\tex/generic/pgf/systemlayer\pgfsys-pdftex.def
File: pgfsys-pdftex.def 2025-08-29 v3.1.11a (3.1.11a)
 (C:\Users\LAPTOP Thai Hoa\AppData\Local\Programs\MiKTeX\tex/generic/pgf/systemlayer\pgfsys-common-pdf.def
File: pgfsys-common-pdf.def 2025-08-29 v3.1.11a (3.1.11a)
))) (C:\Users\LAPTOP Thai Hoa\AppData\Local\Programs\MiKTeX\tex/generic/pgf/systemlayer\pgfsyssoftpath.code.tex
File: pgfsyssoftpath.code.tex 2025-08-29 v3.1.11a (3.1.11a)
\pgfsyssoftpath@smallbuffer@items=\count312
\pgfsyssoftpath@bigbuffer@items=\count313
) (C:\Users\LAPTOP Thai Hoa\AppData\Local\Programs\MiKTeX\tex/generic/pgf/systemlayer\pgfsysprotocol.code.tex
File: pgfsysprotocol.code.tex 2025-08-29 v3.1.11a (3.1.11a)
)) (C:\Users\LAPTOP Thai Hoa\AppData\Local\Programs\MiKTeX\tex/generic/pgf/basiclayer\pgfcore.code.tex
Package: pgfcore 2025-08-29 v3.1.11a (3.1.11a)
 (C:\Users\LAPTOP Thai Hoa\AppData\Local\Programs\MiKTeX\tex/generic/pgf/math\pgfmath.code.tex (C:\Users\LAPTOP Thai Hoa\AppData\Local\Programs\MiKTeX\tex/generic/pgf/math\pgfmathutil.code.tex) (C:\Users\LAPTOP Thai Hoa\AppData\Local\Programs\MiKTeX\tex/generic/pgf/math\pgfmathparser.code.tex
\pgfmath@dimen=\dimen257
\pgfmath@count=\count314
\pgfmath@box=\box61
\pgfmath@toks=\toks37
\pgfmath@stack@operand=\toks38
\pgfmath@stack@operation=\toks39
) (C:\Users\LAPTOP Thai Hoa\AppData\Local\Programs\MiKTeX\tex/generic/pgf/math\pgfmathfunctions.code.tex) (C:\Users\LAPTOP Thai Hoa\AppData\Local\Programs\MiKTeX\tex/generic/pgf/math\pgfmathfunctions.basic.code.tex) (C:\Users\LAPTOP Thai Hoa\AppData\Local\Programs\MiKTeX\tex/generic/pgf/math\pgfmathfunctions.trigonometric.code.tex) (C:\Users\LAPTOP Thai Hoa\AppData\Local\Programs\MiKTeX\tex/generic/pgf/math\pgfmathfunctions.random.code.tex) (C:\Users\LAPTOP Thai Hoa\AppData\Local\Programs\MiKTeX\tex/generic/pgf/math\pgfmathfunctions.comparison.code.tex) (C:\Users\LAPTOP Thai Hoa\AppData\Local\Programs\MiKTeX\tex/generic/pgf/math\pgfmathfunctions.base.code.tex) (C:\Users\LAPTOP Thai Hoa\AppData\Local\Programs\MiKTeX\tex/generic/pgf/math\pgfmathfunctions.round.code.tex) (C:\Users\LAPTOP Thai Hoa\AppData\Local\Programs\MiKTeX\tex/generic/pgf/math\pgfmathfunctions.misc.code.tex) (C:\Users\LAPTOP Thai Hoa\AppData\Local\Programs\MiKTeX\tex/generic/pgf/math\pgfmathfunctions.integerarithmetics.code.tex) (C:\Users\LAPTOP Thai Hoa\AppData\Local\Programs\MiKTeX\tex/generic/pgf/math\pgfmathcalc.code.tex) (C:\Users\LAPTOP Thai Hoa\AppData\Local\Programs\MiKTeX\tex/generic/pgf/math\pgfmathfloat.code.tex
\c@pgfmathroundto@lastzeros=\count315
)) (C:\Users\LAPTOP Thai Hoa\AppData\Local\Programs\MiKTeX\tex/generic/pgf/math\pgfint.code.tex) (C:\Users\LAPTOP Thai Hoa\AppData\Local\Programs\MiKTeX\tex/generic/pgf/basiclayer\pgfcorepoints.code.tex
File: pgfcorepoints.code.tex 2025-08-29 v3.1.11a (3.1.11a)
\pgf@picminx=\dimen258
\pgf@picmaxx=\dimen259
\pgf@picminy=\dimen260
\pgf@picmaxy=\dimen261
\pgf@pathminx=\dimen262
\pgf@pathmaxx=\dimen263
\pgf@pathminy=\dimen264
\pgf@pathmaxy=\dimen265
\pgf@xx=\dimen266
\pgf@xy=\dimen267
\pgf@yx=\dimen268
\pgf@yy=\dimen269
\pgf@zx=\dimen270
\pgf@zy=\dimen271
) (C:\Users\LAPTOP Thai Hoa\AppData\Local\Programs\MiKTeX\tex/generic/pgf/basiclayer\pgfcorepathconstruct.code.tex
File: pgfcorepathconstruct.code.tex 2025-08-29 v3.1.11a (3.1.11a)
\pgf@path@lastx=\dimen272
\pgf@path@lasty=\dimen273
) (C:\Users\LAPTOP Thai Hoa\AppData\Local\Programs\MiKTeX\tex/generic/pgf/basiclayer\pgfcorepathusage.code.tex
File: pgfcorepathusage.code.tex 2025-08-29 v3.1.11a (3.1.11a)
\pgf@shorten@end@additional=\dimen274
\pgf@shorten@start@additional=\dimen275
) (C:\Users\LAPTOP Thai Hoa\AppData\Local\Programs\MiKTeX\tex/generic/pgf/basiclayer\pgfcorescopes.code.tex
File: pgfcorescopes.code.tex 2025-08-29 v3.1.11a (3.1.11a)
\pgfpic=\box62
\pgf@hbox=\box63
\pgf@layerbox@main=\box64
\pgf@picture@serial@count=\count316
) (C:\Users\LAPTOP Thai Hoa\AppData\Local\Programs\MiKTeX\tex/generic/pgf/basiclayer\pgfcoregraphicstate.code.tex
File: pgfcoregraphicstate.code.tex 2025-08-29 v3.1.11a (3.1.11a)
\pgflinewidth=\dimen276
) (C:\Users\LAPTOP Thai Hoa\AppData\Local\Programs\MiKTeX\tex/generic/pgf/basiclayer\pgfcoretransformations.code.tex
File: pgfcoretransformations.code.tex 2025-08-29 v3.1.11a (3.1.11a)
\pgf@pt@x=\dimen277
\pgf@pt@y=\dimen278
\pgf@pt@temp=\dimen279
) (C:\Users\LAPTOP Thai Hoa\AppData\Local\Programs\MiKTeX\tex/generic/pgf/basiclayer\pgfcorequick.code.tex
File: pgfcorequick.code.tex 2025-08-29 v3.1.11a (3.1.11a)
) (C:\Users\LAPTOP Thai Hoa\AppData\Local\Programs\MiKTeX\tex/generic/pgf/basiclayer\pgfcoreobjects.code.tex
File: pgfcoreobjects.code.tex 2025-08-29 v3.1.11a (3.1.11a)
) (C:\Users\LAPTOP Thai Hoa\AppData\Local\Programs\MiKTeX\tex/generic/pgf/basiclayer\pgfcorepathprocessing.code.tex
File: pgfcorepathprocessing.code.tex 2025-08-29 v3.1.11a (3.1.11a)
) (C:\Users\LAPTOP Thai Hoa\AppData\Local\Programs\MiKTeX\tex/generic/pgf/basiclayer\pgfcorearrows.code.tex
File: pgfcorearrows.code.tex 2025-08-29 v3.1.11a (3.1.11a)
\pgfarrowsep=\dimen280
) (C:\Users\LAPTOP Thai Hoa\AppData\Local\Programs\MiKTeX\tex/generic/pgf/basiclayer\pgfcoreshade.code.tex
File: pgfcoreshade.code.tex 2025-08-29 v3.1.11a (3.1.11a)
\pgf@max=\dimen281
\pgf@sys@shading@range@num=\count317
\pgf@shadingcount=\count318
) (C:\Users\LAPTOP Thai Hoa\AppData\Local\Programs\MiKTeX\tex/generic/pgf/basiclayer\pgfcoreimage.code.tex
File: pgfcoreimage.code.tex 2025-08-29 v3.1.11a (3.1.11a)
) (C:\Users\LAPTOP Thai Hoa\AppData\Local\Programs\MiKTeX\tex/generic/pgf/basiclayer\pgfcoreexternal.code.tex
File: pgfcoreexternal.code.tex 2025-08-29 v3.1.11a (3.1.11a)
\pgfexternal@startupbox=\box65
) (C:\Users\LAPTOP Thai Hoa\AppData\Local\Programs\MiKTeX\tex/generic/pgf/basiclayer\pgfcorelayers.code.tex
File: pgfcorelayers.code.tex 2025-08-29 v3.1.11a (3.1.11a)
) (C:\Users\LAPTOP Thai Hoa\AppData\Local\Programs\MiKTeX\tex/generic/pgf/basiclayer\pgfcoretransparency.code.tex
File: pgfcoretransparency.code.tex 2025-08-29 v3.1.11a (3.1.11a)
) (C:\Users\LAPTOP Thai Hoa\AppData\Local\Programs\MiKTeX\tex/generic/pgf/basiclayer\pgfcorepatterns.code.tex
File: pgfcorepatterns.code.tex 2025-08-29 v3.1.11a (3.1.11a)
) (C:\Users\LAPTOP Thai Hoa\AppData\Local\Programs\MiKTeX\tex/generic/pgf/basiclayer\pgfcorerdf.code.tex
File: pgfcorerdf.code.tex 2025-08-29 v3.1.11a (3.1.11a)
))) (C:\Users\LAPTOP Thai Hoa\AppData\Local\Programs\MiKTeX\tex/generic/pgf/modules\pgfmoduleshapes.code.tex
File: pgfmoduleshapes.code.tex 2025-08-29 v3.1.11a (3.1.11a)
\pgfnodeparttextbox=\box66
) (C:\Users\LAPTOP Thai Hoa\AppData\Local\Programs\MiKTeX\tex/generic/pgf/modules\pgfmoduleplot.code.tex
File: pgfmoduleplot.code.tex 2025-08-29 v3.1.11a (3.1.11a)
) (C:\Users\LAPTOP Thai Hoa\AppData\Local\Programs\MiKTeX\tex/latex/pgf/compatibility\pgfcomp-version-0-65.sty
Package: pgfcomp-version-0-65 2025-08-29 v3.1.11a (3.1.11a)
\pgf@nodesepstart=\dimen282
\pgf@nodesepend=\dimen283
) (C:\Users\LAPTOP Thai Hoa\AppData\Local\Programs\MiKTeX\tex/latex/pgf/compatibility\pgfcomp-version-1-18.sty
Package: pgfcomp-version-1-18 2025-08-29 v3.1.11a (3.1.11a)
)) (C:\Users\LAPTOP Thai Hoa\AppData\Local\Programs\MiKTeX\tex/latex/pgf/utilities\pgffor.sty (C:\Users\LAPTOP Thai Hoa\AppData\Local\Programs\MiKTeX\tex/latex/pgf/utilities\pgfkeys.sty (C:\Users\LAPTOP Thai Hoa\AppData\Local\Programs\MiKTeX\tex/generic/pgf/utilities\pgfkeys.code.tex)) (C:\Users\LAPTOP Thai Hoa\AppData\Local\Programs\MiKTeX\tex/latex/pgf/math\pgfmath.sty (C:\Users\LAPTOP Thai Hoa\AppData\Local\Programs\MiKTeX\tex/generic/pgf/math\pgfmath.code.tex)) (C:\Users\LAPTOP Thai Hoa\AppData\Local\Programs\MiKTeX\tex/generic/pgf/utilities\pgffor.code.tex
Package: pgffor 2025-08-29 v3.1.11a (3.1.11a)
\pgffor@iter=\dimen284
\pgffor@skip=\dimen285
\pgffor@stack=\toks40
\pgffor@toks=\toks41
)) (C:\Users\LAPTOP Thai Hoa\AppData\Local\Programs\MiKTeX\tex/generic/pgf/frontendlayer/tikz\tikz.code.tex
Package: tikz 2025-08-29 v3.1.11a (3.1.11a)
 (C:\Users\LAPTOP Thai Hoa\AppData\Local\Programs\MiKTeX\tex/generic/pgf/libraries\pgflibraryplothandlers.code.tex
File: pgflibraryplothandlers.code.tex 2025-08-29 v3.1.11a (3.1.11a)
\pgf@plot@mark@count=\count319
\pgfplotmarksize=\dimen286
)
\tikz@lastx=\dimen287
\tikz@lasty=\dimen288
\tikz@lastxsaved=\dimen289
\tikz@lastysaved=\dimen290
\tikz@lastmovetox=\dimen291
\tikz@lastmovetoy=\dimen292
\tikzleveldistance=\dimen293
\tikzsiblingdistance=\dimen294
\tikz@figbox=\box67
\tikz@figbox@bg=\box68
\tikz@tempbox=\box69
\tikz@tempbox@bg=\box70
\tikztreelevel=\count320
\tikznumberofchildren=\count321
\tikznumberofcurrentchild=\count322
\tikz@fig@count=\count323
 (C:\Users\LAPTOP Thai Hoa\AppData\Local\Programs\MiKTeX\tex/generic/pgf/modules\pgfmodulematrix.code.tex
File: pgfmodulematrix.code.tex 2025-08-29 v3.1.11a (3.1.11a)
\pgfmatrixcurrentrow=\count324
\pgfmatrixcurrentcolumn=\count325
\pgf@matrix@numberofcolumns=\count326
)
\tikz@expandcount=\count327
 (C:\Users\LAPTOP Thai Hoa\AppData\Local\Programs\MiKTeX\tex/generic/pgf/frontendlayer/tikz/libraries\tikzlibrarytopaths.code.tex
File: tikzlibrarytopaths.code.tex 2025-08-29 v3.1.11a (3.1.11a)
))) (C:\Users\LAPTOP Thai Hoa\AppData\Local\Programs\MiKTeX\tex/latex/setspace\setspace.sty
Package: setspace 2022/12/04 v6.7b set line spacing
) (C:\Users\LAPTOP Thai Hoa\AppData\Local\Programs\MiKTeX\tex/latex/tools\array.sty
Package: array 2025/09/25 v2.6n Tabular extension package (FMi)
\col@sep=\dimen295
\ar@mcellbox=\box71
\extrarowheight=\dimen296
\NC@list=\toks42
\extratabsurround=\skip71
\backup@length=\skip72
\ar@cellbox=\box72
) (C:\Users\LAPTOP Thai Hoa\AppData\Local\Programs\MiKTeX\tex/latex/tools\tabularx.sty
Package: tabularx 2023/12/11 v2.12a `tabularx' package (DPC)
\TX@col@width=\dimen297
\TX@old@table=\dimen298
\TX@old@col=\dimen299
\TX@target=\dimen300
\TX@delta=\dimen301
\TX@cols=\count328
\TX@ftn=\toks43
) (C:\Users\LAPTOP Thai Hoa\AppData\Local\Programs\MiKTeX\tex/latex/hyperref\hyperref.sty
Package: hyperref 2025-07-12 v7.01o Hypertext links for LaTeX
 (C:\Users\LAPTOP Thai Hoa\AppData\Local\Programs\MiKTeX\tex/latex/kvsetkeys\kvsetkeys.sty
Package: kvsetkeys 2022-10-05 v1.19 Key value parser (HO)
) (C:\Users\LAPTOP Thai Hoa\AppData\Local\Programs\MiKTeX\tex/generic/kvdefinekeys\kvdefinekeys.sty
Package: kvdefinekeys 2019-12-19 v1.6 Define keys (HO)
) (C:\Users\LAPTOP Thai Hoa\AppData\Local\Programs\MiKTeX\tex/generic/pdfescape\pdfescape.sty
Package: pdfescape 2019/12/09 v1.15 Implements pdfTeX's escape features (HO)
 (C:\Users\LAPTOP Thai Hoa\AppData\Local\Programs\MiKTeX\tex/generic/ltxcmds\ltxcmds.sty
Package: ltxcmds 2023-12-04 v1.26 LaTeX kernel commands for general use (HO)
) (C:\Users\LAPTOP Thai Hoa\AppData\Local\Programs\MiKTeX\tex/generic/pdftexcmds\pdftexcmds.sty
Package: pdftexcmds 2020-06-27 v0.33 Utility functions of pdfTeX for LuaTeX (HO)
 (C:\Users\LAPTOP Thai Hoa\AppData\Local\Programs\MiKTeX\tex/generic/infwarerr\infwarerr.sty
Package: infwarerr 2019/12/03 v1.5 Providing info/warning/error messages (HO)
)
Package pdftexcmds Info: \pdf@primitive is available.
Package pdftexcmds Info: \pdf@ifprimitive is available.
Package pdftexcmds Info: \pdfdraftmode found.
))
(C:\Users\LAPTOP Thai Hoa\AppData\Local\Programs\MiKTeX\tex/latex/hycolor\hycolor.sty
Package: hycolor 2020-01-27 v1.10 Color options for hyperref/bookmark (HO)
) (C:\Users\LAPTOP Thai Hoa\AppData\Local\Programs\MiKTeX\tex/latex/hyperref\nameref.sty
Package: nameref 2025-06-21 v2.57 Cross-referencing by name of section
 (C:\Users\LAPTOP Thai Hoa\AppData\Local\Programs\MiKTeX\tex/latex/refcount\refcount.sty
Package: refcount 2019/12/15 v3.6 Data extraction from label references (HO)
) (C:\Users\LAPTOP Thai Hoa\AppData\Local\Programs\MiKTeX\tex/generic/gettitlestring\gettitlestring.sty
Package: gettitlestring 2019/12/15 v1.6 Cleanup title references (HO)
 (C:\Users\LAPTOP Thai Hoa\AppData\Local\Programs\MiKTeX\tex/latex/kvoptions\kvoptions.sty
Package: kvoptions 2022-06-15 v3.15 Key value format for package options (HO)
))
\c@section@level=\count329
) (C:\Users\LAPTOP Thai Hoa\AppData\Local\Programs\MiKTeX\tex/latex/etoolbox\etoolbox.sty
Package: etoolbox 2025/10/02 v2.5m e-TeX tools for LaTeX (JAW)
\etb@tempcnta=\count330
) (C:\Users\LAPTOP Thai Hoa\AppData\Local\Programs\MiKTeX\tex/generic/stringenc\stringenc.sty
Package: stringenc 2019/11/29 v1.12 Convert strings between diff. encodings (HO)
)
\@linkdim=\dimen302
\Hy@linkcounter=\count331
\Hy@pagecounter=\count332
 (C:\Users\LAPTOP Thai Hoa\AppData\Local\Programs\MiKTeX\tex/latex/hyperref\pd1enc.def
File: pd1enc.def 2025-07-12 v7.01o Hyperref: PDFDocEncoding definition (HO)
Now handling font encoding PD1 ...
... no UTF-8 mapping file for font encoding PD1
) (C:\Users\LAPTOP Thai Hoa\AppData\Local\Programs\MiKTeX\tex/generic/intcalc\intcalc.sty
Package: intcalc 2019/12/15 v1.3 Expandable calculations with integers (HO)
)
\Hy@SavedSpaceFactor=\count333
 (C:\Users\LAPTOP Thai Hoa\AppData\Local\Programs\MiKTeX\tex/latex/hyperref\puenc.def
File: puenc.def 2025-07-12 v7.01o Hyperref: PDF Unicode definition (HO)
Now handling font encoding PU ...
... no UTF-8 mapping file for font encoding PU
)
Package hyperref Info: Hyper figures OFF on input line 4195.
Package hyperref Info: Link nesting OFF on input line 4200.
Package hyperref Info: Hyper index ON on input line 4203.
Package hyperref Info: Plain pages OFF on input line 4210.
Package hyperref Info: Backreferencing OFF on input line 4215.
Package hyperref Info: Implicit mode ON; LaTeX internals redefined.
Package hyperref Info: Bookmarks ON on input line 4462.
\c@Hy@tempcnt=\count334
 (C:\Users\LAPTOP Thai Hoa\AppData\Local\Programs\MiKTeX\tex/latex/url\url.sty
\Urlmuskip=\muskip18
Package: url 2013/09/16  ver 3.4  Verb mode for urls, etc.
)
LaTeX Info: Redefining \url on input line 4801.
\XeTeXLinkMargin=\dimen303
 (C:\Users\LAPTOP Thai Hoa\AppData\Local\Programs\MiKTeX\tex/generic/bitset\bitset.sty
Package: bitset 2019/12/09 v1.3 Handle bit-vector datatype (HO)
 (C:\Users\LAPTOP Thai Hoa\AppData\Local\Programs\MiKTeX\tex/generic/bigintcalc\bigintcalc.sty
Package: bigintcalc 2019/12/15 v1.5 Expandable calculations on big integers (HO)
))
\Fld@menulength=\count335
\Field@Width=\dimen304
\Fld@charsize=\dimen305
Package hyperref Info: Hyper figures OFF on input line 6078.
Package hyperref Info: Link nesting OFF on input line 6083.
Package hyperref Info: Hyper index ON on input line 6086.
Package hyperref Info: backreferencing OFF on input line 6093.
Package hyperref Info: Link coloring OFF on input line 6098.
Package hyperref Info: Link coloring with OCG OFF on input line 6103.
Package hyperref Info: PDF/A mode OFF on input line 6108.
\Hy@abspage=\count336
\c@Item=\count337
\c@Hfootnote=\count338
)
Package hyperref Info: Driver (autodetected): hpdftex.
 (C:\Users\LAPTOP Thai Hoa\AppData\Local\Programs\MiKTeX\tex/latex/hyperref\hpdftex.def
File: hpdftex.def 2025-07-12 v7.01o Hyperref driver for pdfTeX
\Fld@listcount=\count339
\c@bookmark@seq@number=\count340
 (C:\Users\LAPTOP Thai Hoa\AppData\Local\Programs\MiKTeX\tex/latex/rerunfilecheck\rerunfilecheck.sty
Package: rerunfilecheck 2025-06-21 v1.11 Rerun checks for auxiliary files (HO)
 (C:\Users\LAPTOP Thai Hoa\AppData\Local\Programs\MiKTeX\tex/generic/uniquecounter\uniquecounter.sty
Package: uniquecounter 2019/12/15 v1.4 Provide unlimited unique counter (HO)
)
Package uniquecounter Info: New unique counter `rerunfilecheck' on input line 284.
)
\Hy@SectionHShift=\skip73
) (C:\Users\LAPTOP Thai Hoa\AppData\Local\Programs\MiKTeX\tex/latex/listings\listings.sty
\lst@mode=\count341
\lst@gtempboxa=\box73
\lst@token=\toks44
\lst@length=\count342
\lst@currlwidth=\dimen306
\lst@column=\count343
\lst@pos=\count344
\lst@lostspace=\dimen307
\lst@width=\dimen308
\lst@newlines=\count345
\lst@lineno=\count346
\lst@maxwidth=\dimen309
 (C:\Users\LAPTOP Thai Hoa\AppData\Local\Programs\MiKTeX\tex/latex/listings\lstpatch.sty
File: lstpatch.sty 2025/11/14 1.11b (Carsten Heinz)
) (C:\Users\LAPTOP Thai Hoa\AppData\Local\Programs\MiKTeX\tex/latex/listings\lstmisc.sty
File: lstmisc.sty 2025/11/14 1.11b (Carsten Heinz)
\c@lstnumber=\count347
\lst@skipnumbers=\count348
\lst@framebox=\box74
) (C:\Users\LAPTOP Thai Hoa\AppData\Local\Programs\MiKTeX\tex/latex/listings\listings.cfg
File: listings.cfg 2025/11/14 1.11b listings configuration
))
Package: listings 2025/11/14 1.11b (Carsten Heinz)

==> First Aid for listings.sty no longer applied!
    Expected:
        2024/09/23 1.10c (Carsten Heinz)
    but found:
        2025/11/14 1.11b (Carsten Heinz)
    so I'm assuming it got fixed.
   defining Unicode char U+00AD (decimal 173)
   defining Unicode char U+FFFD (decimal 65533)
Package hyperref Info: Option `colorlinks' set `true' on input line 37.
LaTeX Font Info:    Trying to load font information for T1+lmr on input line 64.
(C:\Users\LAPTOP Thai Hoa\AppData\Local\Programs\MiKTeX\tex/latex/lm\t1lmr.fd
File: t1lmr.fd 2015/05/01 v1.6.1 Font defs for Latin Modern
) (C:\Users\LAPTOP Thai Hoa\AppData\Local\Programs\MiKTeX\tex/latex/l3backend\l3backend-pdftex.def
File: l3backend-pdftex.def 2025-10-09 L3 backend support: PDF output (pdfTeX)
\l__color_backend_stack_int=\count349
) (final_report.aux

LaTeX Warning: Label `tab:rbac-matrix' multiply defined.

)
\openout1 = `final_report.aux'.

LaTeX Font Info:    Checking defaults for OML/cmm/m/it on input line 64.
LaTeX Font Info:    ... okay on input line 64.
LaTeX Font Info:    Checking defaults for OMS/cmsy/m/n on input line 64.
LaTeX Font Info:    ... okay on input line 64.
LaTeX Font Info:    Checking defaults for OT1/cmr/m/n on input line 64.
LaTeX Font Info:    ... okay on input line 64.
LaTeX Font Info:    Checking defaults for T1/cmr/m/n on input line 64.
LaTeX Font Info:    ... okay on input line 64.
LaTeX Font Info:    Checking defaults for TS1/cmr/m/n on input line 64.
LaTeX Font Info:    ... okay on input line 64.
LaTeX Font Info:    Checking defaults for OMX/cmex/m/n on input line 64.
LaTeX Font Info:    ... okay on input line 64.
LaTeX Font Info:    Checking defaults for U/cmr/m/n on input line 64.
LaTeX Font Info:    ... okay on input line 64.
LaTeX Font Info:    Checking defaults for PD1/pdf/m/n on input line 64.
LaTeX Font Info:    ... okay on input line 64.
LaTeX Font Info:    Checking defaults for PU/pdf/m/n on input line 64.
LaTeX Font Info:    ... okay on input line 64.

*geometry* driver: auto-detecting
*geometry* detected driver: pdftex
*geometry* verbose mode - [ preamble ] result:
* driver: pdftex
* paper: a4paper
* layout: <same size as paper>
* layoutoffset:(h,v)=(0.0pt,0.0pt)
* modes: 
* h-part:(L,W,R)=(56.9055pt, 483.69687pt, 56.9055pt)
* v-part:(T,H,B)=(71.13188pt, 702.78308pt, 71.13188pt)
* \paperwidth=597.50787pt
* \paperheight=845.04684pt
* \textwidth=483.69687pt
* \textheight=702.78308pt
* \oddsidemargin=-15.36449pt
* \evensidemargin=-15.36449pt
* \topmargin=-38.1381pt
* \headheight=12.0pt
* \headsep=25.0pt
* \topskip=12.0pt
* \footskip=30.0pt
* \marginparwidth=35.0pt
* \marginparsep=10.0pt
* \columnsep=10.0pt
* \skip\footins=10.8pt plus 4.0pt minus 2.0pt
* \hoffset=0.0pt
* \voffset=0.0pt
* \mag=1000
* \@twocolumnfalse
* \@twosidefalse
* \@mparswitchfalse
* \@reversemarginfalse
* (1in=72.27pt=25.4mm, 1cm=28.453pt)

(C:\Users\LAPTOP Thai Hoa\AppData\Local\Programs\MiKTeX\tex/context/base/mkii\supp-pdf.mkii
[Loading MPS to PDF converter (version 2006.09.02).]
\scratchcounter=\count350
\scratchdimen=\dimen310
\scratchbox=\box75
\nofMPsegments=\count351
\nofMParguments=\count352
\everyMPshowfont=\toks45
\MPscratchCnt=\count353
\MPscratchDim=\dimen311
\MPnumerator=\count354
\makeMPintoPDFobject=\count355
\everyMPtoPDFconversion=\toks46
) (C:\Users\LAPTOP Thai Hoa\AppData\Local\Programs\MiKTeX\tex/latex/epstopdf-pkg\epstopdf-base.sty
Package: epstopdf-base 2020-01-24 v2.11 Base part for package epstopdf
Package epstopdf-base Info: Redefining graphics rule for `.eps' on input line 485.
 (C:\Users\LAPTOP Thai Hoa\AppData\Local\Programs\MiKTeX\tex/latex/00miktex\epstopdf-sys.cfg
File: epstopdf-sys.cfg 2021/03/18 v2.0 Configuration of epstopdf for MiKTeX
))
Package hyperref Info: Link coloring ON on input line 64.
 (final_report.out) (final_report.out)
\@outlinefile=\write4
\openout4 = `final_report.out'.

\c@lstlisting=\count356
 [1

{C:/Users/LAPTOP Thai Hoa/AppData/Local/MiKTeX/fonts/map/pdftex/pdftex.map}{C:/Users/LAPTOP Thai Hoa/AppData/Local/Programs/MiKTeX/fonts/enc/dvips/lm/lm-ec.enc}]
Chapter 1.
LaTeX Font Info:    Trying to load font information for TS1+lmr on input line 104.
(C:\Users\LAPTOP Thai Hoa\AppData\Local\Programs\MiKTeX\tex/latex/lm\ts1lmr.fd
File: ts1lmr.fd 2015/05/01 v1.6.1 Font defs for Latin Modern
)
pdfTeX warning (ext4): destination with the same identifier (name{page.1}) has been already used, duplicate ignored
<to be read again> 
                   \relax 
l.116   \item A
                fully working web application demonstrating CRUD workflows, ... [1

{C:/Users/LAPTOP Thai Hoa/AppData/Local/Programs/MiKTeX/fonts/enc/dvips/lm/lm-ts1.enc}] [2]
Chapter 2.
LaTeX Font Info:    Trying to load font information for OT1+lmr on input line 161.
(C:\Users\LAPTOP Thai Hoa\AppData\Local\Programs\MiKTeX\tex/latex/lm\ot1lmr.fd
File: ot1lmr.fd 2015/05/01 v1.6.1 Font defs for Latin Modern
)
LaTeX Font Info:    Trying to load font information for OML+lmm on input line 161.
 (C:\Users\LAPTOP Thai Hoa\AppData\Local\Programs\MiKTeX\tex/latex/lm\omllmm.fd
File: omllmm.fd 2015/05/01 v1.6.1 Font defs for Latin Modern
)
LaTeX Font Info:    Trying to load font information for OMS+lmsy on input line 161.
 (C:\Users\LAPTOP Thai Hoa\AppData\Local\Programs\MiKTeX\tex/latex/lm\omslmsy.fd
File: omslmsy.fd 2015/05/01 v1.6.1 Font defs for Latin Modern
)
LaTeX Font Info:    Trying to load font information for OMX+lmex on input line 161.
 (C:\Users\LAPTOP Thai Hoa\AppData\Local\Programs\MiKTeX\tex/latex/lm\omxlmex.fd
File: omxlmex.fd 2015/05/01 v1.6.1 Font defs for Latin Modern
)
LaTeX Font Info:    External font `lmex10' loaded for size
(Font)              <12> on input line 161.
LaTeX Font Info:    External font `lmex10' loaded for size
(Font)              <8> on input line 161.
LaTeX Font Info:    External font `lmex10' loaded for size
(Font)              <6> on input line 161.
LaTeX Font Info:    Trying to load font information for U+msa on input line 161.
 (C:\Users\LAPTOP Thai Hoa\AppData\Local\Programs\MiKTeX\tex/latex/amsfonts\umsa.fd
File: umsa.fd 2013/01/14 v3.01 AMS symbols A
)
LaTeX Font Info:    Trying to load font information for U+msb on input line 161.
 (C:\Users\LAPTOP Thai Hoa\AppData\Local\Programs\MiKTeX\tex/latex/amsfonts\umsb.fd
File: umsb.fd 2013/01/14 v3.01 AMS symbols B
) [3

] [4{C:/Users/LAPTOP Thai Hoa/AppData/Local/Programs/MiKTeX/fonts/enc/dvips/lm/lm-mathsy.enc}]
Chapter 3.
<demo/dashboard1.png, id=396, 1429.59094pt x 812.28468pt>
File: demo/dashboard1.png Graphic file (type png)
<use demo/dashboard1.png>
Package pdftex.def Info: demo/dashboard1.png  used on input line 219.
(pdftex.def)             Requested size: 483.69687pt x 274.83453pt.
<demo/dashboard2.png, id=398, 1427.3325pt x 812.28468pt>
File: demo/dashboard2.png Graphic file (type png)
<use demo/dashboard2.png>
Package pdftex.def Info: demo/dashboard2.png  used on input line 225.
(pdftex.def)             Requested size: 483.69687pt x 275.26834pt.
<demo/dashboard3.png, id=399, 1428.08531pt x 812.28468pt>
File: demo/dashboard3.png Graphic file (type png)
<use demo/dashboard3.png>
Package pdftex.def Info: demo/dashboard3.png  used on input line 231.
(pdftex.def)             Requested size: 483.69687pt x 275.11961pt.
<demo/dashboard4.png, id=400, 1428.08531pt x 812.28468pt>
File: demo/dashboard4.png Graphic file (type png)
<use demo/dashboard4.png>
Package pdftex.def Info: demo/dashboard4.png  used on input line 237.
(pdftex.def)             Requested size: 483.69687pt x 275.11961pt.
<demo/dashboard5.png, id=401, 1429.59094pt x 812.28468pt>
File: demo/dashboard5.png Graphic file (type png)
<use demo/dashboard5.png>
Package pdftex.def Info: demo/dashboard5.png  used on input line 243.
(pdftex.def)             Requested size: 483.69687pt x 274.83453pt.
[5

] [6 <./demo/dashboard1.png> <./demo/dashboard2.png>] [7 <./demo/dashboard3.png> <./demo/dashboard4.png>]
<demo/product1.png, id=423, 1444.64719pt x 812.28468pt>
File: demo/product1.png Graphic file (type png)
<use demo/product1.png>
Package pdftex.def Info: demo/product1.png  used on input line 262.
(pdftex.def)             Requested size: 483.69687pt x 271.97142pt.
<demo/product2.png, id=424, 1444.64719pt x 812.28468pt>
File: demo/product2.png Graphic file (type png)
<use demo/product2.png>
Package pdftex.def Info: demo/product2.png  used on input line 268.
(pdftex.def)             Requested size: 483.69687pt x 271.97142pt.
<demo/product3.png, id=425, 1444.64719pt x 812.28468pt>
File: demo/product3.png Graphic file (type png)
<use demo/product3.png>
Package pdftex.def Info: demo/product3.png  used on input line 274.
(pdftex.def)             Requested size: 483.69687pt x 271.97142pt.
<demo/product4.png, id=426, 1444.64719pt x 812.28468pt>
File: demo/product4.png Graphic file (type png)
<use demo/product4.png>
Package pdftex.def Info: demo/product4.png  used on input line 280.
(pdftex.def)             Requested size: 483.69687pt x 271.97142pt.
<demo/product5.png, id=427, 1444.64719pt x 812.28468pt>
File: demo/product5.png Graphic file (type png)
<use demo/product5.png>
Package pdftex.def Info: demo/product5.png  used on input line 287.
(pdftex.def)             Requested size: 483.69687pt x 271.97142pt.
<demo/product6.png, id=428, 1444.64719pt x 812.28468pt>
File: demo/product6.png Graphic file (type png)
<use demo/product6.png>
Package pdftex.def Info: demo/product6.png  used on input line 294.
(pdftex.def)             Requested size: 483.69687pt x 271.97142pt.
<demo/product7.png, id=429, 1444.64719pt x 812.28468pt>
File: demo/product7.png Graphic file (type png)
<use demo/product7.png>
Package pdftex.def Info: demo/product7.png  used on input line 301.
(pdftex.def)             Requested size: 483.69687pt x 271.97142pt.
<demo/product8.png, id=430, 1444.64719pt x 812.28468pt>
File: demo/product8.png Graphic file (type png)
<use demo/product8.png>
Package pdftex.def Info: demo/product8.png  used on input line 307.
(pdftex.def)             Requested size: 483.69687pt x 271.97142pt.
 [8 <./demo/dashboard5.png>] [9 <./demo/product1.png> <./demo/product2.png>] [10 <./demo/product3.png> <./demo/product4.png>] [11 <./demo/product5.png> <./demo/product6.png>] [12 <./demo/product7.png> <./demo/product8.png>]
<demo/supplier1.png, id=470, 1444.64719pt x 812.28468pt>
File: demo/supplier1.png Graphic file (type png)
<use demo/supplier1.png>
Package pdftex.def Info: demo/supplier1.png  used on input line 325.
(pdftex.def)             Requested size: 483.69687pt x 271.97142pt.
<demo/supplier2.png, id=471, 1444.64719pt x 811.53188pt>
File: demo/supplier2.png Graphic file (type png)
<use demo/supplier2.png>
Package pdftex.def Info: demo/supplier2.png  used on input line 331.
(pdftex.def)             Requested size: 483.69687pt x 271.71936pt.
<demo/supplier3.png, id=472, 1444.64719pt x 812.28468pt>
File: demo/supplier3.png Graphic file (type png)
<use demo/supplier3.png>
Package pdftex.def Info: demo/supplier3.png  used on input line 337.
(pdftex.def)             Requested size: 483.69687pt x 271.97142pt.
<demo/supplier4.png, id=473, 1444.64719pt x 812.28468pt>
File: demo/supplier4.png Graphic file (type png)
<use demo/supplier4.png>
Package pdftex.def Info: demo/supplier4.png  used on input line 343.
(pdftex.def)             Requested size: 483.69687pt x 271.97142pt.
<demo/supplier5.png, id=474, 1444.64719pt x 812.28468pt>
File: demo/supplier5.png Graphic file (type png)
<use demo/supplier5.png>
Package pdftex.def Info: demo/supplier5.png  used on input line 349.
(pdftex.def)             Requested size: 483.69687pt x 271.97142pt.
<demo/supplier6.png, id=475, 1444.64719pt x 812.28468pt>
File: demo/supplier6.png Graphic file (type png)
<use demo/supplier6.png>
Package pdftex.def Info: demo/supplier6.png  used on input line 355.
(pdftex.def)             Requested size: 483.69687pt x 271.97142pt.
<demo/supplier7.png, id=476, 1444.64719pt x 812.28468pt>
File: demo/supplier7.png Graphic file (type png)
<use demo/supplier7.png>
Package pdftex.def Info: demo/supplier7.png  used on input line 361.
(pdftex.def)             Requested size: 483.69687pt x 271.97142pt.
<demo/supplier8.png, id=477, 1444.64719pt x 812.28468pt>
File: demo/supplier8.png Graphic file (type png)
<use demo/supplier8.png>
Package pdftex.def Info: demo/supplier8.png  used on input line 367.
(pdftex.def)             Requested size: 483.69687pt x 271.97142pt.
 [13 <./demo/supplier1.png>] [14 <./demo/supplier2.png> <./demo/supplier3.png>] [15 <./demo/supplier4.png> <./demo/supplier5.png>] [16 <./demo/supplier6.png> <./demo/supplier7.png>]
<demo/location1.png, id=508, 1444.64719pt x 812.28468pt>
File: demo/location1.png Graphic file (type png)
<use demo/location1.png>
Package pdftex.def Info: demo/location1.png  used on input line 387.
(pdftex.def)             Requested size: 483.69687pt x 271.97142pt.
<demo/location2.png, id=509, 1444.64719pt x 812.28468pt>
File: demo/location2.png Graphic file (type png)
<use demo/location2.png>
Package pdftex.def Info: demo/location2.png  used on input line 393.
(pdftex.def)             Requested size: 483.69687pt x 271.97142pt.
<demo/location3.png, id=510, 1444.64719pt x 812.28468pt>
File: demo/location3.png Graphic file (type png)
<use demo/location3.png>
Package pdftex.def Info: demo/location3.png  used on input line 399.
(pdftex.def)             Requested size: 483.69687pt x 271.97142pt.
<demo/location4.png, id=511, 1444.64719pt x 812.28468pt>
File: demo/location4.png Graphic file (type png)
<use demo/location4.png>
Package pdftex.def Info: demo/location4.png  used on input line 405.
(pdftex.def)             Requested size: 483.69687pt x 271.97142pt.
<demo/location5.png, id=512, 1444.64719pt x 812.28468pt>
File: demo/location5.png Graphic file (type png)
<use demo/location5.png>
Package pdftex.def Info: demo/location5.png  used on input line 411.
(pdftex.def)             Requested size: 483.69687pt x 271.97142pt.
<demo/location6.png, id=513, 1444.64719pt x 812.28468pt>
File: demo/location6.png Graphic file (type png)
<use demo/location6.png>
Package pdftex.def Info: demo/location6.png  used on input line 417.
(pdftex.def)             Requested size: 483.69687pt x 271.97142pt.
<demo/location7.png, id=514, 1444.64719pt x 812.28468pt>
File: demo/location7.png Graphic file (type png)
<use demo/location7.png>
Package pdftex.def Info: demo/location7.png  used on input line 423.
(pdftex.def)             Requested size: 483.69687pt x 271.97142pt.
<demo/location8.png, id=515, 1444.64719pt x 812.28468pt>
File: demo/location8.png Graphic file (type png)
<use demo/location8.png>
Package pdftex.def Info: demo/location8.png  used on input line 429.
(pdftex.def)             Requested size: 483.69687pt x 271.97142pt.
 [17 <./demo/supplier8.png>] [18 <./demo/location1.png> <./demo/location2.png>] [19 <./demo/location3.png> <./demo/location4.png>] [20 <./demo/location5.png> <./demo/location6.png>] [21 <./demo/location7.png> <./demo/location8.png>]
Overfull \hbox (16.86899pt too wide) in paragraph at lines 438--439
[]\T1/lmr/m/n/12 Create new cat-e-gories via a form cap-tur-ing: Name, De-scrip-tion, and Sta-tus (Ac-tive/Inactive). 
 []

<demo/category1.png, id=555, 1444.64719pt x 812.28468pt>
File: demo/category1.png Graphic file (type png)
<use demo/category1.png>
Package pdftex.def Info: demo/category1.png  used on input line 449.
(pdftex.def)             Requested size: 483.69687pt x 271.97142pt.
<demo/category2.png, id=556, 1444.64719pt x 812.28468pt>
File: demo/category2.png Graphic file (type png)
<use demo/category2.png>
Package pdftex.def Info: demo/category2.png  used on input line 455.
(pdftex.def)             Requested size: 483.69687pt x 271.97142pt.
<demo/category3.png, id=557, 1444.64719pt x 812.28468pt>
File: demo/category3.png Graphic file (type png)
<use demo/category3.png>
Package pdftex.def Info: demo/category3.png  used on input line 461.
(pdftex.def)             Requested size: 483.69687pt x 271.97142pt.
<demo/category4.png, id=558, 1444.64719pt x 812.28468pt>
File: demo/category4.png Graphic file (type png)
<use demo/category4.png>
Package pdftex.def Info: demo/category4.png  used on input line 467.
(pdftex.def)             Requested size: 483.69687pt x 271.97142pt.
<demo/category5.png, id=559, 1444.64719pt x 812.28468pt>
File: demo/category5.png Graphic file (type png)
<use demo/category5.png>
Package pdftex.def Info: demo/category5.png  used on input line 473.
(pdftex.def)             Requested size: 483.69687pt x 271.97142pt.
<demo/category6.png, id=560, 1444.64719pt x 812.28468pt>
File: demo/category6.png Graphic file (type png)
<use demo/category6.png>
Package pdftex.def Info: demo/category6.png  used on input line 479.
(pdftex.def)             Requested size: 483.69687pt x 271.97142pt.
<demo/category7.png, id=561, 1444.64719pt x 812.28468pt>
File: demo/category7.png Graphic file (type png)
<use demo/category7.png>
Package pdftex.def Info: demo/category7.png  used on input line 485.
(pdftex.def)             Requested size: 483.69687pt x 271.97142pt.
<demo/category8.png, id=562, 1444.64719pt x 812.28468pt>
File: demo/category8.png Graphic file (type png)
<use demo/category8.png>
Package pdftex.def Info: demo/category8.png  used on input line 491.
(pdftex.def)             Requested size: 483.69687pt x 271.97142pt.
[22 <./demo/category1.png>] [23 <./demo/category2.png> <./demo/category3.png>] [24 <./demo/category4.png> <./demo/category5.png>] [25 <./demo/category6.png> <./demo/category7.png>]
<demo/po1.png, id=594, 1444.64719pt x 812.28468pt>
File: demo/po1.png Graphic file (type png)
<use demo/po1.png>
Package pdftex.def Info: demo/po1.png  used on input line 510.
(pdftex.def)             Requested size: 483.69687pt x 271.97142pt.
<demo/po2.png, id=595, 1444.64719pt x 812.28468pt>
File: demo/po2.png Graphic file (type png)
<use demo/po2.png>
Package pdftex.def Info: demo/po2.png  used on input line 516.
(pdftex.def)             Requested size: 483.69687pt x 271.97142pt.
<demo/po3.png, id=596, 1444.64719pt x 812.28468pt>
File: demo/po3.png Graphic file (type png)
<use demo/po3.png>
Package pdftex.def Info: demo/po3.png  used on input line 522.
(pdftex.def)             Requested size: 483.69687pt x 271.97142pt.
<demo/po4.png, id=597, 1444.64719pt x 812.28468pt>
File: demo/po4.png Graphic file (type png)
<use demo/po4.png>
Package pdftex.def Info: demo/po4.png  used on input line 528.
(pdftex.def)             Requested size: 483.69687pt x 271.97142pt.
<demo/po5.png, id=598, 1444.64719pt x 812.28468pt>
File: demo/po5.png Graphic file (type png)
<use demo/po5.png>
Package pdftex.def Info: demo/po5.png  used on input line 534.
(pdftex.def)             Requested size: 483.69687pt x 271.97142pt.
<demo/po6.png, id=599, 1444.64719pt x 812.28468pt>
File: demo/po6.png Graphic file (type png)
<use demo/po6.png>
Package pdftex.def Info: demo/po6.png  used on input line 540.
(pdftex.def)             Requested size: 483.69687pt x 271.97142pt.
<demo/po7.png, id=600, 1444.64719pt x 812.28468pt>
File: demo/po7.png Graphic file (type png)
<use demo/po7.png>
Package pdftex.def Info: demo/po7.png  used on input line 546.
(pdftex.def)             Requested size: 483.69687pt x 271.97142pt.
<demo/po8.png, id=601, 1444.64719pt x 812.28468pt>
File: demo/po8.png Graphic file (type png)
<use demo/po8.png>
Package pdftex.def Info: demo/po8.png  used on input line 547.
(pdftex.def)             Requested size: 483.69687pt x 271.97142pt.
 [26 <./demo/category8.png>] [27 <./demo/po1.png> <./demo/po2.png>] [28 <./demo/po3.png> <./demo/po4.png>] [29 <./demo/po5.png> <./demo/po6.png>] [30 <./demo/po7.png> <./demo/po8.png>]
<demo/so1.png, id=640, 1444.64719pt x 812.28468pt>
File: demo/so1.png Graphic file (type png)
<use demo/so1.png>
Package pdftex.def Info: demo/so1.png  used on input line 567.
(pdftex.def)             Requested size: 483.69687pt x 271.97142pt.
<demo/so2.png, id=641, 1444.64719pt x 812.28468pt>
File: demo/so2.png Graphic file (type png)
<use demo/so2.png>
Package pdftex.def Info: demo/so2.png  used on input line 573.
(pdftex.def)             Requested size: 483.69687pt x 271.97142pt.
<demo/so3.png, id=642, 1444.64719pt x 812.28468pt>
File: demo/so3.png Graphic file (type png)
<use demo/so3.png>
Package pdftex.def Info: demo/so3.png  used on input line 579.
(pdftex.def)             Requested size: 483.69687pt x 271.97142pt.
<demo/so4.png, id=643, 1444.64719pt x 812.28468pt>
File: demo/so4.png Graphic file (type png)
<use demo/so4.png>
Package pdftex.def Info: demo/so4.png  used on input line 585.
(pdftex.def)             Requested size: 483.69687pt x 271.97142pt.
<demo/so5.png, id=644, 1444.64719pt x 812.28468pt>
File: demo/so5.png Graphic file (type png)
<use demo/so5.png>
Package pdftex.def Info: demo/so5.png  used on input line 591.
(pdftex.def)             Requested size: 483.69687pt x 271.97142pt.
<demo/so6.png, id=645, 1444.64719pt x 812.28468pt>
File: demo/so6.png Graphic file (type png)
<use demo/so6.png>
Package pdftex.def Info: demo/so6.png  used on input line 597.
(pdftex.def)             Requested size: 483.69687pt x 271.97142pt.
<demo/so7.png, id=646, 1444.64719pt x 812.28468pt>
File: demo/so7.png Graphic file (type png)
<use demo/so7.png>
Package pdftex.def Info: demo/so7.png  used on input line 603.
(pdftex.def)             Requested size: 483.69687pt x 271.97142pt.
<demo/so8.png, id=647, 1444.64719pt x 812.28468pt>
File: demo/so8.png Graphic file (type png)
<use demo/so8.png>
Package pdftex.def Info: demo/so8.png  used on input line 609.
(pdftex.def)             Requested size: 483.69687pt x 271.97142pt.
 [31 <./demo/so1.png>] [32 <./demo/so2.png> <./demo/so3.png>] [33 <./demo/so4.png> <./demo/so5.png>] [34 <./demo/so6.png> <./demo/so7.png>]
<demo/transfer1.png, id=678, 1444.64719pt x 812.28468pt>
File: demo/transfer1.png Graphic file (type png)
<use demo/transfer1.png>
Package pdftex.def Info: demo/transfer1.png  used on input line 627.
(pdftex.def)             Requested size: 483.69687pt x 271.97142pt.
<demo/transfer2.png, id=679, 1444.64719pt x 812.28468pt>
File: demo/transfer2.png Graphic file (type png)
<use demo/transfer2.png>
Package pdftex.def Info: demo/transfer2.png  used on input line 633.
(pdftex.def)             Requested size: 483.69687pt x 271.97142pt.
<demo/transfer3.png, id=680, 1444.64719pt x 812.28468pt>
File: demo/transfer3.png Graphic file (type png)
<use demo/transfer3.png>
Package pdftex.def Info: demo/transfer3.png  used on input line 639.
(pdftex.def)             Requested size: 483.69687pt x 271.97142pt.
<demo/transfer4.png, id=681, 1444.64719pt x 812.28468pt>
File: demo/transfer4.png Graphic file (type png)
<use demo/transfer4.png>
Package pdftex.def Info: demo/transfer4.png  used on input line 645.
(pdftex.def)             Requested size: 483.69687pt x 271.97142pt.
<demo/transfer5.png, id=682, 1444.64719pt x 812.28468pt>
File: demo/transfer5.png Graphic file (type png)
<use demo/transfer5.png>
Package pdftex.def Info: demo/transfer5.png  used on input line 651.
(pdftex.def)             Requested size: 483.69687pt x 271.97142pt.
<demo/transfer6.png, id=683, 1444.64719pt x 812.28468pt>
File: demo/transfer6.png Graphic file (type png)
<use demo/transfer6.png>
Package pdftex.def Info: demo/transfer6.png  used on input line 657.
(pdftex.def)             Requested size: 483.69687pt x 271.97142pt.
<demo/transfer7.png, id=684, 1444.64719pt x 812.28468pt>
File: demo/transfer7.png Graphic file (type png)
<use demo/transfer7.png>
Package pdftex.def Info: demo/transfer7.png  used on input line 663.
(pdftex.def)             Requested size: 483.69687pt x 271.97142pt.
 [35 <./demo/so8.png>] [36 <./demo/transfer1.png> <./demo/transfer2.png>] [37 <./demo/transfer3.png> <./demo/transfer4.png>] [38 <./demo/transfer5.png> <./demo/transfer6.png>]
<demo/report1.png, id=716, 1444.64719pt x 812.28468pt>
File: demo/report1.png Graphic file (type png)
<use demo/report1.png>
Package pdftex.def Info: demo/report1.png  used on input line 687.
(pdftex.def)             Requested size: 483.69687pt x 271.97142pt.
<demo/report2.png, id=717, 1444.64719pt x 812.28468pt>
File: demo/report2.png Graphic file (type png)
<use demo/report2.png>
Package pdftex.def Info: demo/report2.png  used on input line 693.
(pdftex.def)             Requested size: 483.69687pt x 271.97142pt.
<demo/report3.png, id=718, 1444.64719pt x 812.28468pt>
File: demo/report3.png Graphic file (type png)
<use demo/report3.png>
Package pdftex.def Info: demo/report3.png  used on input line 699.
(pdftex.def)             Requested size: 483.69687pt x 271.97142pt.
<demo/report4.png, id=719, 1444.64719pt x 812.28468pt>
File: demo/report4.png Graphic file (type png)
<use demo/report4.png>
Package pdftex.def Info: demo/report4.png  used on input line 705.
(pdftex.def)             Requested size: 483.69687pt x 271.97142pt.
<demo/report5.png, id=720, 1444.64719pt x 812.28468pt>
File: demo/report5.png Graphic file (type png)
<use demo/report5.png>
Package pdftex.def Info: demo/report5.png  used on input line 711.
(pdftex.def)             Requested size: 483.69687pt x 271.97142pt.
<demo/report6.png, id=721, 1444.64719pt x 812.28468pt>
File: demo/report6.png Graphic file (type png)
<use demo/report6.png>
Package pdftex.def Info: demo/report6.png  used on input line 717.
(pdftex.def)             Requested size: 483.69687pt x 271.97142pt.
<demo/report7.png, id=722, 1444.64719pt x 812.28468pt>
File: demo/report7.png Graphic file (type png)
<use demo/report7.png>
Package pdftex.def Info: demo/report7.png  used on input line 723.
(pdftex.def)             Requested size: 483.69687pt x 271.97142pt.
<demo/report8.png, id=723, 1444.64719pt x 812.28468pt>
File: demo/report8.png Graphic file (type png)
<use demo/report8.png>
Package pdftex.def Info: demo/report8.png  used on input line 729.
(pdftex.def)             Requested size: 483.69687pt x 271.97142pt.
 [39 <./demo/transfer7.png>] [40 <./demo/report1.png> <./demo/report2.png>] [41 <./demo/report3.png> <./demo/report4.png>] [42 <./demo/report5.png> <./demo/report6.png>] [43 <./demo/report7.png> <./demo/report8.png>]
<demo/user1.png, id=763, 1444.64719pt x 812.28468pt>
File: demo/user1.png Graphic file (type png)
<use demo/user1.png>
Package pdftex.def Info: demo/user1.png  used on input line 746.
(pdftex.def)             Requested size: 483.69687pt x 271.97142pt.
<demo/user2.png, id=764, 1444.64719pt x 812.28468pt>
File: demo/user2.png Graphic file (type png)
<use demo/user2.png>
Package pdftex.def Info: demo/user2.png  used on input line 752.
(pdftex.def)             Requested size: 483.69687pt x 271.97142pt.
<demo/user3.png, id=765, 1444.64719pt x 812.28468pt>
File: demo/user3.png Graphic file (type png)
<use demo/user3.png>
Package pdftex.def Info: demo/user3.png  used on input line 758.
(pdftex.def)             Requested size: 483.69687pt x 271.97142pt.
<demo/user4.png, id=766, 1444.64719pt x 812.28468pt>
File: demo/user4.png Graphic file (type png)
<use demo/user4.png>
Package pdftex.def Info: demo/user4.png  used on input line 764.
(pdftex.def)             Requested size: 483.69687pt x 271.97142pt.
<demo/user5.png, id=767, 1444.64719pt x 812.28468pt>
File: demo/user5.png Graphic file (type png)
<use demo/user5.png>
Package pdftex.def Info: demo/user5.png  used on input line 770.
(pdftex.def)             Requested size: 483.69687pt x 271.97142pt.
<demo/user6.png, id=768, 1444.64719pt x 812.28468pt>
File: demo/user6.png Graphic file (type png)
<use demo/user6.png>
Package pdftex.def Info: demo/user6.png  used on input line 776.
(pdftex.def)             Requested size: 483.69687pt x 271.97142pt.
<demo/user7.png, id=769, 1444.64719pt x 812.28468pt>
File: demo/user7.png Graphic file (type png)
<use demo/user7.png>
Package pdftex.def Info: demo/user7.png  used on input line 782.
(pdftex.def)             Requested size: 483.69687pt x 271.97142pt.
<demo/user8.png, id=770, 1444.64719pt x 812.28468pt>
File: demo/user8.png Graphic file (type png)
<use demo/user8.png>
Package pdftex.def Info: demo/user8.png  used on input line 788.
(pdftex.def)             Requested size: 483.69687pt x 271.97142pt.
<demo/user9.png, id=771, 1444.64719pt x 812.28468pt>
File: demo/user9.png Graphic file (type png)
<use demo/user9.png>
Package pdftex.def Info: demo/user9.png  used on input line 794.
(pdftex.def)             Requested size: 483.69687pt x 271.97142pt.
<demo/user10.png, id=772, 1444.64719pt x 812.28468pt>
File: demo/user10.png Graphic file (type png)
<use demo/user10.png>
Package pdftex.def Info: demo/user10.png  used on input line 800.
(pdftex.def)             Requested size: 483.69687pt x 271.97142pt.
<demo/user11.png, id=773, 1444.64719pt x 812.28468pt>
File: demo/user11.png Graphic file (type png)
<use demo/user11.png>
Package pdftex.def Info: demo/user11.png  used on input line 806.
(pdftex.def)             Requested size: 483.69687pt x 271.97142pt.
<demo/user12.png, id=774, 1444.64719pt x 812.28468pt>
File: demo/user12.png Graphic file (type png)
<use demo/user12.png>
Package pdftex.def Info: demo/user12.png  used on input line 812.
(pdftex.def)             Requested size: 483.69687pt x 271.97142pt.
<demo/user13.png, id=775, 1444.64719pt x 812.28468pt>
File: demo/user13.png Graphic file (type png)
<use demo/user13.png>
Package pdftex.def Info: demo/user13.png  used on input line 818.
(pdftex.def)             Requested size: 483.69687pt x 271.97142pt.
<demo/user14.png, id=776, 1444.64719pt x 812.28468pt>
File: demo/user14.png Graphic file (type png)
<use demo/user14.png>
Package pdftex.def Info: demo/user14.png  used on input line 824.
(pdftex.def)             Requested size: 483.69687pt x 271.97142pt.
<demo/user15.png, id=777, 1444.64719pt x 812.28468pt>
File: demo/user15.png Graphic file (type png)
<use demo/user15.png>
Package pdftex.def Info: demo/user15.png  used on input line 830.
(pdftex.def)             Requested size: 483.69687pt x 271.97142pt.
<demo/user16.png, id=778, 1444.64719pt x 812.28468pt>
File: demo/user16.png Graphic file (type png)
<use demo/user16.png>
Package pdftex.def Info: demo/user16.png  used on input line 836.
(pdftex.def)             Requested size: 483.69687pt x 271.97142pt.
 [44 <./demo/user1.png>] [45 <./demo/user2.png> <./demo/user3.png>] [46 <./demo/user4.png> <./demo/user5.png>] [47 <./demo/user6.png> <./demo/user7.png>] [48 <./demo/user8.png> <./demo/user9.png>] [49 <./demo/user10.png> <./demo/user11.png>] [50 <./demo/user12.png> <./demo/user13.png>] [51 <./demo/user14.png> <./demo/user15.png>]
<demo/login.png, id=842, 1444.64719pt x 812.28468pt>
File: demo/login.png Graphic file (type png)
<use demo/login.png>
Package pdftex.def Info: demo/login.png  used on input line 848.
(pdftex.def)             Requested size: 483.69687pt x 271.97142pt.
 [52 <./demo/user16.png>] [53 <./demo/login.png>]
Chapter 4.
LaTeX Font Info:    Trying to load font information for T1+lmtt on input line 872.
(C:\Users\LAPTOP Thai Hoa\AppData\Local\Programs\MiKTeX\tex/latex/lm\t1lmtt.fd
File: t1lmtt.fd 2015/05/01 v1.6.1 Font defs for Latin Modern
) [54

]
<diagram sipms.png, id=867, 965.6075pt x 1076.02pt>
File: diagram sipms.png Graphic file (type png)
<use diagram sipms.png>
Package pdftex.def Info: diagram sipms.png  used on input line 902.
(pdftex.def)             Requested size: 483.69687pt x 539.01024pt.
 [55 <./diagram sipms.png>]
Overfull \hbox (8.72539pt too wide) in paragraph at lines 954--958
\T1/lmtt/m/n/12 location_id)\T1/lmr/m/n/12 , \T1/lmtt/m/n/12 purchase_order_item(po_id, product_id)\T1/lmr/m/n/12 , \T1/lmtt/m/n/12 sales_order_item(so_id,
 []


Overfull \hbox (49.64929pt too wide) in paragraph at lines 958--959
[]\T1/lmr/m/n/12 Foreign keys en-force valid ref-er-ences (e.g., or-der head-ers ref-er-ence ex-ist-ing sup-pli-ers/locations/users;
 []

[56]
Overfull \hbox (19.86363pt too wide) in paragraph at lines 987--991
[]\T1/lmr/m/n/12 The ta-ble \T1/lmtt/m/n/12 inventory_level \T1/lmr/m/n/12 stores the cur-rent on-hand quan-tity for each \T1/lmtt/m/n/12 (product, location)
 []

[57]
Overfull \hbox (1.17676pt too wide) in paragraph at lines 1002--1003
[]\T1/lmtt/m/n/12 view_low_stock_products\T1/lmr/m/n/12 : sub-set of prod-ucts be-low re-order level (sup-ports ``Low Stock''
 []

LaTeX Font Info:    Font shape `T1/lmtt/bx/n' in size <14.4> not available
(Font)              Font shape `T1/lmtt/b/n' tried instead on input line 1014.
(C:\Users\LAPTOP Thai Hoa\AppData\Local\Programs\MiKTeX\tex/latex/listings\lstlang1.sty
File: lstlang1.sty 2025/11/14 1.11b listings language file
)
Package hyperref Info: bookmark level for unknown lstlisting defaults to 0 on input line 1015.
 (../../database/views.sql
LaTeX Font Info:    Font shape `T1/lmtt/bx/n' in size <10.95> not available
(Font)              Font shape `T1/lmtt/b/n' tried instead on input line 5.
 [58]) [59] (../../database/procedures.sql [60] [61]) [62] (../../database/triggers.sql [63]) [64] [65]
Chapter 5.

Overfull \hbox (7.73312pt too wide) in paragraph at lines 1158--1163
[]\T1/lmr/bx/n/12 Inventory snap-shots by lo-ca-tion. \T1/lmr/m/n/12 In-ven-tory is stored per \T1/lmtt/m/n/12 (product_id, location_id)
 []

[66

{C:/Users/LAPTOP Thai Hoa/AppData/Local/Programs/MiKTeX/fonts/enc/dvips/lm/lm-mathit.enc}]
Overfull \hbox (71.12624pt too wide) in paragraph at lines 1164--1168
\T1/lmr/m/n/12 ments by time range and by prod-uct/location. A com-pos-ite in-dex on \T1/lmtt/m/n/12 stock_movement(movement_date,
 []


Overfull \hbox (73.13396pt too wide) in paragraph at lines 1169--1173
\T1/lmr/m/n/12 sta-tus. Com-pos-ite in-dexes on \T1/lmtt/m/n/12 sales_order(order_date, status) \T1/lmr/m/n/12 and \T1/lmtt/m/n/12 purchase_order(order_date,
 []

(../../database/indexes.sql) [67] [68] (../../database/security.sql [69]) [70] [71]
Chapter 6.
[72

]
Underfull \hbox (badness 4479) in paragraph at lines 1373--1374
[]|\T1/lmr/m/n/12 Token/session is cleared; pro-tected
 []

[73]
Underfull \hbox (badness 5548) in paragraph at lines 1414--1414
[]|\T1/lmr/m/n/12 Attempt re-ceive with in-valid
 []

[74]
Underfull \hbox (badness 5403) in paragraph at lines 1456--1456
[]|\T1/lmr/m/n/12 Top-selling prod-ucts (last 30
 []

[75]
Overfull \hbox (33.28665pt too wide) in paragraph at lines 1504--1505
[]\T1/lmr/bx/n/12 TRG-03 (snap-shot up-date): \T1/lmr/m/n/12 valid stock move-ments au-to-mat-i-cally up-date \T1/lmtt/m/n/12 inventory_level\T1/lmr/m/n/12 . 
 []


Overfull \hbox (57.19762pt too wide) in paragraph at lines 1512--1513
[]\T1/lmr/bx/n/12 PROC-03: \T1/lmtt/m/n/12 sp_confirm_sales_order \T1/lmr/m/n/12 in-serts \T1/lmtt/m/n/12 stock_movement \T1/lmr/m/n/12 rows and up-dates \T1/lmtt/m/n/12 inventory_level
 []


Overfull \hbox (0.77225pt too wide) in paragraph at lines 1520--1521
[]\T1/lmr/bx/n/12 VIEW-03: \T1/lmr/m/n/12 stock-per-location view matches \T1/lmtt/m/n/12 inventory_level \T1/lmr/m/n/12 joined with prod-uct meta-
 []


Overfull \hbox (16.71321pt too wide) in paragraph at lines 1530--1531
[]\T1/lmr/m/n/12 UI screen-shots of val-i-da-tion fail-ures (in-suf-fi-cient stock, unau-tho-rized ac-tions hid-den/blocked). 
 []

[76] [77] (final_report.aux)
 ***********
LaTeX2e <2025-11-01>
L3 programming layer <2025-11-06>
 ***********


LaTeX Warning: There were multiply-defined labels.

Package rerunfilecheck Info: File `final_report.out' has not changed.
(rerunfilecheck)             Checksum: 73DA8BB24A9A798CCD09ABA8445412AA;17876.
 ) 
Here is how much of TeX's memory you used:
 25790 strings out of 467871
 468157 string characters out of 5413499
 1375605 words of memory out of 5000000
 53642 multiletter control sequences out of 15000+600000
 683942 words of font info for 80 fonts, out of 8000000 for 9000
 1141 hyphenation exceptions out of 8191
 84i,15n,94p,554b,2388s stack positions out of 10000i,1000n,20000p,200000b,200000s
<C:/Users/LAPTOP Thai Hoa/AppData/Local/Programs/MiKTeX/fonts/type1/public/lm/lmbx12.pfb><C:/Users/LAPTOP Thai Hoa/AppData/Local/Programs/MiKTeX/fonts/type1/public/lm/lmmi12.pfb><C:/Users/LAPTOP Thai Hoa/AppData/Local/Programs/MiKTeX/fonts/type1/public/lm/lmr12.pfb><C:/Users/LAPTOP Thai Hoa/AppData/Local/Programs/MiKTeX/fonts/type1/public/lm/lmr6.pfb><C:/Users/LAPTOP Thai Hoa/AppData/Local/Programs/MiKTeX/fonts/type1/public/lm/lmri12.pfb><C:/Users/LAPTOP Thai Hoa/AppData/Local/Programs/MiKTeX/fonts/type1/public/lm/lmsy10.pfb><C:/Users/LAPTOP Thai Hoa/AppData/Local/Programs/MiKTeX/fonts/type1/public/lm/lmtk10.pfb><C:/Users/LAPTOP Thai Hoa/AppData/Local/Programs/MiKTeX/fonts/type1/public/lm/lmtt10.pfb><C:/Users/LAPTOP Thai Hoa/AppData/Local/Programs/MiKTeX/fonts/type1/public/lm/lmtt12.pfb><C:/Users/LAPTOP Thai Hoa/AppData/Local/Programs/MiKTeX/fonts/type1/public/amsfonts/symbols/msam10.pfb>
Output written on final_report.pdf (78 pages, 9833405 bytes).
PDF statistics:
 1470 PDF objects out of 1728 (max. 8388607)
 587 named destinations out of 1000 (max. 500000)
 1163 words of extra memory for PDF output out of 10000 (max. 10000000)

